Determining if the pthread_create exist failed with the following output:
Change Dir: /home/chengque/catkin_ws/build_isolated/libmavconn/CMakeFiles/CMakeTmp

Run Build Command:"/usr/bin/make" "cmTryCompileExec2054714332/fast"
/usr/bin/make -f CMakeFiles/cmTryCompileExec2054714332.dir/build.make CMakeFiles/cmTryCompileExec2054714332.dir/build
make[1]: Entering directory '/home/chengque/catkin_ws/build_isolated/libmavconn/CMakeFiles/CMakeTmp'
/usr/bin/cmake -E cmake_progress_report /home/chengque/catkin_ws/build_isolated/libmavconn/CMakeFiles/CMakeTmp/CMakeFiles 1
Building C object CMakeFiles/cmTryCompileExec2054714332.dir/CheckSymbolExists.c.o
/usr/bin/cc    -o CMakeFiles/cmTryCompileExec2054714332.dir/CheckSymbolExists.c.o   -c /home/chengque/catkin_ws/build_isolated/libmavconn/CMakeFiles/CMakeTmp/CheckSymbolExists.c
Linking C executable cmTryCompileExec2054714332
/usr/bin/cmake -E cmake_link_script CMakeFiles/cmTryCompileExec2054714332.dir/link.txt --verbose=1
/usr/bin/cc       CMakeFiles/cmTryCompileExec2054714332.dir/CheckSymbolExists.c.o  -o cmTryCompileExec2054714332 -rdynamic 
CMakeFiles/cmTryCompileExec2054714332.dir/CheckSymbolExists.c.o: In function `main':
CheckSymbolExists.c:(.text+0xa): undefined reference to `pthread_create'
collect2: error: ld returned 1 exit status
CMakeFiles/cmTryCompileExec2054714332.dir/build.make:88: recipe for target 'cmTryCompileExec2054714332' failed
make[1]: *** [cmTryCompileExec2054714332] Error 1
make[1]: Leaving directory '/home/chengque/catkin_ws/build_isolated/libmavconn/CMakeFiles/CMakeTmp'
Makefile:118: recipe for target 'cmTryCompileExec2054714332/fast' failed
make: *** [cmTryCompileExec2054714332/fast] Error 2

File /home/chengque/catkin_ws/build_isolated/libmavconn/CMakeFiles/CMakeTmp/CheckSymbolExists.c:
/* */
#include <pthread.h>

int main(int argc, char** argv)
{
  (void)argv;
#ifndef pthread_create
  return ((int*)(&pthread_create))[argc];
#else
  (void)argc;
  return 0;
#endif
}

Determining if the function pthread_create exists in the pthreads failed with the following output:
Change Dir: /home/chengque/catkin_ws/build_isolated/libmavconn/CMakeFiles/CMakeTmp

Run Build Command:"/usr/bin/make" "cmTryCompileExec152347843/fast"
/usr/bin/make -f CMakeFiles/cmTryCompileExec152347843.dir/build.make CMakeFiles/cmTryCompileExec152347843.dir/build
make[1]: Entering directory '/home/chengque/catkin_ws/build_isolated/libmavconn/CMakeFiles/CMakeTmp'
/usr/bin/cmake -E cmake_progress_report /home/chengque/catkin_ws/build_isolated/libmavconn/CMakeFiles/CMakeTmp/CMakeFiles 1
Building C object CMakeFiles/cmTryCompileExec152347843.dir/CheckFunctionExists.c.o
/usr/bin/cc   -DCHECK_FUNCTION_EXISTS=pthread_create   -o CMakeFiles/cmTryCompileExec152347843.dir/CheckFunctionExists.c.o   -c /usr/share/cmake-3.0/Modules/CheckFunctionExists.c
Linking C executable cmTryCompileExec152347843
/usr/bin/cmake -E cmake_link_script CMakeFiles/cmTryCompileExec152347843.dir/link.txt --verbose=1
/usr/bin/cc   -DCHECK_FUNCTION_EXISTS=pthread_create    CMakeFiles/cmTryCompileExec152347843.dir/CheckFunctionExists.c.o  -o cmTryCompileExec152347843 -rdynamic -lpthreads 
/usr/bin/ld: cannot find -lpthreads
collect2: error: ld returned 1 exit status
CMakeFiles/cmTryCompileExec152347843.dir/build.make:88: recipe for target 'cmTryCompileExec152347843' failed
make[1]: *** [cmTryCompileExec152347843] Error 1
make[1]: Leaving directory '/home/chengque/catkin_ws/build_isolated/libmavconn/CMakeFiles/CMakeTmp'
Makefile:118: recipe for target 'cmTryCompileExec152347843/fast' failed
make: *** [cmTryCompileExec152347843/fast] Error 2


