Determining if the pthread_create exist failed with the following output:
Change Dir: /home/chengque/catkin_ws/build/CMakeFiles/CMakeTmp

Run Build Command:"/usr/bin/make" "cmTryCompileExec3822866790/fast"
/usr/bin/make -f CMakeFiles/cmTryCompileExec3822866790.dir/build.make CMakeFiles/cmTryCompileExec3822866790.dir/build
make[1]: Entering directory '/home/chengque/catkin_ws/build/CMakeFiles/CMakeTmp'
/usr/bin/cmake -E cmake_progress_report /home/chengque/catkin_ws/build/CMakeFiles/CMakeTmp/CMakeFiles 1
Building C object CMakeFiles/cmTryCompileExec3822866790.dir/CheckSymbolExists.c.o
/usr/bin/cc    -o CMakeFiles/cmTryCompileExec3822866790.dir/CheckSymbolExists.c.o   -c /home/chengque/catkin_ws/build/CMakeFiles/CMakeTmp/CheckSymbolExists.c
Linking C executable cmTryCompileExec3822866790
/usr/bin/cmake -E cmake_link_script CMakeFiles/cmTryCompileExec3822866790.dir/link.txt --verbose=1
/usr/bin/cc       CMakeFiles/cmTryCompileExec3822866790.dir/CheckSymbolExists.c.o  -o cmTryCompileExec3822866790 -rdynamic 
CMakeFiles/cmTryCompileExec3822866790.dir/CheckSymbolExists.c.o: In function `main':
CheckSymbolExists.c:(.text+0xa): undefined reference to `pthread_create'
collect2: error: ld returned 1 exit status
CMakeFiles/cmTryCompileExec3822866790.dir/build.make:88: recipe for target 'cmTryCompileExec3822866790' failed
make[1]: *** [cmTryCompileExec3822866790] Error 1
make[1]: Leaving directory '/home/chengque/catkin_ws/build/CMakeFiles/CMakeTmp'
Makefile:118: recipe for target 'cmTryCompileExec3822866790/fast' failed
make: *** [cmTryCompileExec3822866790/fast] Error 2

File /home/chengque/catkin_ws/build/CMakeFiles/CMakeTmp/CheckSymbolExists.c:
/* */
#include <pthread.h>

int main(int argc, char** argv)
{
  (void)argv;
#ifndef pthread_create
  return ((int*)(&pthread_create))[argc];
#else
  (void)argc;
  return 0;
#endif
}

Determining if the function pthread_create exists in the pthreads failed with the following output:
Change Dir: /home/chengque/catkin_ws/build/CMakeFiles/CMakeTmp

Run Build Command:"/usr/bin/make" "cmTryCompileExec3055434827/fast"
/usr/bin/make -f CMakeFiles/cmTryCompileExec3055434827.dir/build.make CMakeFiles/cmTryCompileExec3055434827.dir/build
make[1]: Entering directory '/home/chengque/catkin_ws/build/CMakeFiles/CMakeTmp'
/usr/bin/cmake -E cmake_progress_report /home/chengque/catkin_ws/build/CMakeFiles/CMakeTmp/CMakeFiles 1
Building C object CMakeFiles/cmTryCompileExec3055434827.dir/CheckFunctionExists.c.o
/usr/bin/cc   -DCHECK_FUNCTION_EXISTS=pthread_create   -o CMakeFiles/cmTryCompileExec3055434827.dir/CheckFunctionExists.c.o   -c /usr/share/cmake-3.0/Modules/CheckFunctionExists.c
Linking C executable cmTryCompileExec3055434827
/usr/bin/cmake -E cmake_link_script CMakeFiles/cmTryCompileExec3055434827.dir/link.txt --verbose=1
/usr/bin/cc   -DCHECK_FUNCTION_EXISTS=pthread_create    CMakeFiles/cmTryCompileExec3055434827.dir/CheckFunctionExists.c.o  -o cmTryCompileExec3055434827 -rdynamic -lpthreads 
/usr/bin/ld: cannot find -lpthreads
collect2: error: ld returned 1 exit status
CMakeFiles/cmTryCompileExec3055434827.dir/build.make:88: recipe for target 'cmTryCompileExec3055434827' failed
make[1]: *** [cmTryCompileExec3055434827] Error 1
make[1]: Leaving directory '/home/chengque/catkin_ws/build/CMakeFiles/CMakeTmp'
Makefile:118: recipe for target 'cmTryCompileExec3055434827/fast' failed
make: *** [cmTryCompileExec3055434827/fast] Error 2


